2022-07-06 21:00:13,893 INFO Log4jExample [main] Log some information
2022-07-06 21:00:13,896 ERROR Log4jExample [main] error
2022-07-06 21:00:13,896 WARN Log4jExample [main] warning
2022-07-06 21:01:20,380 INFO Log4jExample [main] Log some information
2022-07-06 21:01:20,383 ERROR Log4jExample [main] error
2022-07-06 21:01:20,383 WARN Log4jExample [main] warning
2022-07-06 21:07:27,520 INFO Log4jExample [main] Log some information
2022-07-06 21:07:27,522 ERROR Log4jExample [main] error
2022-07-06 21:07:27,522 WARN Log4jExample [main] warning
2022-07-06 21:07:27,522 INFO Log4jExample [main] i is currently: 0
2022-07-06 21:07:27,627 INFO Log4jExample [main] i is currently: 10
2022-07-06 21:07:27,627 INFO Log4jExample [main] i is currently: 20
2022-07-06 21:07:27,628 INFO Log4jExample [main] i is currently: 30
2022-07-06 21:07:27,628 INFO Log4jExample [main] i is currently: 40
2022-07-06 21:07:27,628 INFO Log4jExample [main] i is currently: 50
2022-07-06 21:07:27,628 INFO Log4jExample [main] i is currently: 60
2022-07-06 21:07:27,628 INFO Log4jExample [main] i is currently: 70
2022-07-06 21:07:27,628 INFO Log4jExample [main] i is currently: 80
2022-07-06 21:07:27,752 INFO Log4jExample [main] i is currently: 90
2022-07-06 21:07:27,752 INFO Log4jExample [main] i is currently: 100
2022-07-06 21:07:27,752 INFO Log4jExample [main] i is currently: 110
2022-07-06 21:07:27,752 INFO Log4jExample [main] i is currently: 120
2022-07-06 21:07:27,753 INFO Log4jExample [main] i is currently: 130
2022-07-06 21:07:27,753 INFO Log4jExample [main] i is currently: 140
2022-07-06 21:07:27,753 INFO Log4jExample [main] i is currently: 150
2022-07-06 21:07:27,753 INFO Log4jExample [main] i is currently: 160
2022-07-06 21:07:27,799 INFO Log4jExample [main] i is currently: 170
2022-07-06 21:07:27,799 INFO Log4jExample [main] i is currently: 180
2022-07-06 21:07:27,799 INFO Log4jExample [main] i is currently: 190
2022-07-06 21:07:27,800 INFO Log4jExample [main] i is currently: 200
2022-07-06 21:07:27,800 INFO Log4jExample [main] i is currently: 210
2022-07-06 21:07:27,800 INFO Log4jExample [main] i is currently: 220
2022-07-06 21:07:27,800 INFO Log4jExample [main] i is currently: 230
2022-07-06 21:07:27,800 INFO Log4jExample [main] i is currently: 240
2022-07-06 21:07:27,874 INFO Log4jExample [main] i is currently: 250
2022-07-06 21:07:27,874 INFO Log4jExample [main] i is currently: 260
2022-07-06 21:07:27,874 INFO Log4jExample [main] i is currently: 270
2022-07-06 21:07:27,874 INFO Log4jExample [main] i is currently: 280
2022-07-06 21:07:27,874 INFO Log4jExample [main] i is currently: 290
2022-07-06 21:07:27,874 INFO Log4jExample [main] i is currently: 300
2022-07-06 21:07:27,875 INFO Log4jExample [main] i is currently: 310
2022-07-06 21:07:27,875 INFO Log4jExample [main] i is currently: 320
2022-07-06 21:07:27,921 INFO Log4jExample [main] i is currently: 330
2022-07-06 21:07:27,922 INFO Log4jExample [main] i is currently: 340
2022-07-06 21:07:27,922 INFO Log4jExample [main] i is currently: 350
2022-07-06 21:07:27,922 INFO Log4jExample [main] i is currently: 360
2022-07-06 21:07:27,922 INFO Log4jExample [main] i is currently: 370
2022-07-06 21:07:27,922 INFO Log4jExample [main] i is currently: 380
2022-07-06 21:07:27,922 INFO Log4jExample [main] i is currently: 390
2022-07-06 21:07:27,923 INFO Log4jExample [main] i is currently: 400
2022-07-06 21:07:27,996 INFO Log4jExample [main] i is currently: 410
2022-07-06 21:07:27,996 INFO Log4jExample [main] i is currently: 420
2022-07-06 21:07:27,996 INFO Log4jExample [main] i is currently: 430
2022-07-06 21:07:27,996 INFO Log4jExample [main] i is currently: 440
2022-07-06 21:07:27,996 INFO Log4jExample [main] i is currently: 450
2022-07-06 21:07:27,997 INFO Log4jExample [main] i is currently: 460
2022-07-06 21:07:27,997 INFO Log4jExample [main] i is currently: 470
2022-07-06 21:07:27,997 INFO Log4jExample [main] i is currently: 480
2022-07-06 21:07:28,045 INFO Log4jExample [main] i is currently: 490
2022-07-06 21:07:28,045 INFO Log4jExample [main] i is currently: 500
2022-07-06 21:07:28,046 INFO Log4jExample [main] i is currently: 510
2022-07-06 21:07:28,046 INFO Log4jExample [main] i is currently: 520
2022-07-06 21:07:28,046 INFO Log4jExample [main] i is currently: 530
2022-07-06 21:07:28,046 INFO Log4jExample [main] i is currently: 540
2022-07-06 21:07:28,047 ERROR Log4jExample [main] java.lang.ArithmeticException: / by zero
2022-07-06 21:07:28,048 INFO Log4jExample [main] i is currently: 550
2022-07-06 21:07:28,097 INFO Log4jExample [main] i is currently: 560
2022-07-06 21:07:28,098 INFO Log4jExample [main] i is currently: 570
2022-07-06 21:07:28,098 INFO Log4jExample [main] i is currently: 580
2022-07-06 21:07:28,098 INFO Log4jExample [main] i is currently: 590
2022-07-06 21:07:28,098 INFO Log4jExample [main] i is currently: 600
2022-07-06 21:07:28,098 INFO Log4jExample [main] i is currently: 610
2022-07-06 21:07:28,099 INFO Log4jExample [main] i is currently: 620
2022-07-06 21:07:28,099 INFO Log4jExample [main] i is currently: 630
2022-07-06 21:07:28,148 INFO Log4jExample [main] i is currently: 640
2022-07-06 21:07:28,149 INFO Log4jExample [main] i is currently: 650
2022-07-06 21:07:28,149 INFO Log4jExample [main] i is currently: 660
2022-07-06 21:07:28,149 INFO Log4jExample [main] i is currently: 670
2022-07-06 21:07:28,149 INFO Log4jExample [main] i is currently: 680
2022-07-06 21:07:28,149 INFO Log4jExample [main] i is currently: 690
2022-07-06 21:07:28,149 INFO Log4jExample [main] i is currently: 700
2022-07-06 21:07:28,150 INFO Log4jExample [main] i is currently: 710
2022-07-06 21:07:28,176 INFO Log4jExample [main] i is currently: 720
2022-07-06 21:07:28,177 INFO Log4jExample [main] i is currently: 730
2022-07-06 21:07:28,177 INFO Log4jExample [main] i is currently: 740
2022-07-06 21:07:28,177 INFO Log4jExample [main] i is currently: 750
2022-07-06 21:07:28,177 INFO Log4jExample [main] i is currently: 760
2022-07-06 21:07:28,178 INFO Log4jExample [main] i is currently: 770
2022-07-06 21:07:28,178 INFO Log4jExample [main] i is currently: 780
2022-07-06 21:07:28,178 INFO Log4jExample [main] i is currently: 790
2022-07-06 21:07:28,216 INFO Log4jExample [main] i is currently: 800
2022-07-06 21:07:28,216 INFO Log4jExample [main] i is currently: 810
2022-07-06 21:07:28,216 INFO Log4jExample [main] i is currently: 820
2022-07-06 21:07:28,217 INFO Log4jExample [main] i is currently: 830
2022-07-06 21:07:28,217 INFO Log4jExample [main] i is currently: 840
2022-07-06 21:07:28,217 INFO Log4jExample [main] i is currently: 850
2022-07-06 21:07:28,217 INFO Log4jExample [main] i is currently: 860
2022-07-06 21:07:28,217 INFO Log4jExample [main] i is currently: 870
2022-07-06 21:07:28,243 INFO Log4jExample [main] i is currently: 880
2022-07-06 21:07:28,243 INFO Log4jExample [main] i is currently: 890
2022-07-06 21:07:28,244 INFO Log4jExample [main] i is currently: 900
2022-07-06 21:07:28,244 INFO Log4jExample [main] i is currently: 910
2022-07-06 21:07:28,244 INFO Log4jExample [main] i is currently: 920
2022-07-06 21:07:28,245 INFO Log4jExample [main] i is currently: 930
2022-07-06 21:07:28,245 INFO Log4jExample [main] i is currently: 940
2022-07-06 21:07:28,245 INFO Log4jExample [main] i is currently: 950
2022-07-06 21:07:28,282 INFO Log4jExample [main] i is currently: 960
2022-07-06 21:07:28,282 INFO Log4jExample [main] i is currently: 970
2022-07-06 21:07:28,282 INFO Log4jExample [main] i is currently: 980
2022-07-06 21:07:28,282 INFO Log4jExample [main] i is currently: 990
2022-07-06 21:08:19,402 INFO Log4jExample [main] Log some information
2022-07-06 21:08:19,410 ERROR Log4jExample [main] error
2022-07-06 21:08:19,411 WARN Log4jExample [main] warning
2022-07-06 21:08:19,411 INFO Log4jExample [main] i is currently: 0
2022-07-06 21:08:19,411 INFO Log4jExample [main] i is currently: 10
2022-07-06 21:08:19,411 INFO Log4jExample [main] i is currently: 20
2022-07-06 21:08:19,411 INFO Log4jExample [main] i is currently: 30
2022-07-06 21:08:19,412 INFO Log4jExample [main] i is currently: 40
2022-07-06 21:08:19,412 INFO Log4jExample [main] i is currently: 50
2022-07-06 21:08:19,508 INFO Log4jExample [main] i is currently: 60
2022-07-06 21:08:19,508 INFO Log4jExample [main] i is currently: 70
2022-07-06 21:08:19,508 INFO Log4jExample [main] i is currently: 80
2022-07-06 21:08:19,509 INFO Log4jExample [main] i is currently: 90
2022-07-06 21:08:19,509 INFO Log4jExample [main] i is currently: 100
2022-07-06 21:08:19,509 INFO Log4jExample [main] i is currently: 110
2022-07-06 21:08:19,509 INFO Log4jExample [main] i is currently: 120
2022-07-06 21:08:19,509 INFO Log4jExample [main] i is currently: 130
2022-07-06 21:08:19,580 INFO Log4jExample [main] i is currently: 140
2022-07-06 21:08:19,580 INFO Log4jExample [main] i is currently: 150
2022-07-06 21:08:19,581 INFO Log4jExample [main] i is currently: 160
2022-07-06 21:08:19,581 INFO Log4jExample [main] i is currently: 170
2022-07-06 21:08:19,581 INFO Log4jExample [main] i is currently: 180
2022-07-06 21:08:19,581 INFO Log4jExample [main] i is currently: 190
2022-07-06 21:08:19,581 INFO Log4jExample [main] i is currently: 200
2022-07-06 21:08:19,582 INFO Log4jExample [main] i is currently: 210
2022-07-06 21:08:19,660 INFO Log4jExample [main] i is currently: 220
2022-07-06 21:08:19,661 INFO Log4jExample [main] i is currently: 230
2022-07-06 21:08:19,661 INFO Log4jExample [main] i is currently: 240
2022-07-06 21:08:19,661 INFO Log4jExample [main] i is currently: 250
2022-07-06 21:08:19,661 INFO Log4jExample [main] i is currently: 260
2022-07-06 21:08:19,662 INFO Log4jExample [main] i is currently: 270
2022-07-06 21:08:19,662 INFO Log4jExample [main] i is currently: 280
2022-07-06 21:08:19,662 INFO Log4jExample [main] i is currently: 290
2022-07-06 21:08:19,714 INFO Log4jExample [main] i is currently: 300
2022-07-06 21:08:19,714 INFO Log4jExample [main] i is currently: 310
2022-07-06 21:08:19,714 INFO Log4jExample [main] i is currently: 320
2022-07-06 21:08:19,714 INFO Log4jExample [main] i is currently: 330
2022-07-06 21:08:19,715 INFO Log4jExample [main] i is currently: 340
2022-07-06 21:08:19,715 INFO Log4jExample [main] i is currently: 350
2022-07-06 21:08:19,715 INFO Log4jExample [main] i is currently: 360
2022-07-06 21:08:19,715 INFO Log4jExample [main] i is currently: 370
2022-07-06 21:08:19,794 INFO Log4jExample [main] i is currently: 380
2022-07-06 21:08:19,794 INFO Log4jExample [main] i is currently: 390
2022-07-06 21:08:19,794 INFO Log4jExample [main] i is currently: 400
2022-07-06 21:08:19,794 INFO Log4jExample [main] i is currently: 410
2022-07-06 21:08:19,795 INFO Log4jExample [main] i is currently: 420
2022-07-06 21:08:19,795 INFO Log4jExample [main] i is currently: 430
2022-07-06 21:08:19,795 INFO Log4jExample [main] i is currently: 440
2022-07-06 21:08:19,795 INFO Log4jExample [main] i is currently: 450
2022-07-06 21:08:19,846 INFO Log4jExample [main] i is currently: 460
2022-07-06 21:08:19,846 INFO Log4jExample [main] i is currently: 470
2022-07-06 21:08:19,847 INFO Log4jExample [main] i is currently: 480
2022-07-06 21:08:19,847 INFO Log4jExample [main] i is currently: 490
2022-07-06 21:08:19,847 INFO Log4jExample [main] i is currently: 500
2022-07-06 21:08:19,847 INFO Log4jExample [main] i is currently: 510
2022-07-06 21:08:19,847 INFO Log4jExample [main] i is currently: 520
2022-07-06 21:08:19,847 INFO Log4jExample [main] i is currently: 530
2022-07-06 21:08:19,927 INFO Log4jExample [main] i is currently: 540
2022-07-06 21:08:19,928 ERROR Log4jExample [main] java.lang.ArithmeticException: / by zero
2022-07-06 21:08:19,928 INFO Log4jExample [main] i is currently: 550
2022-07-06 21:08:19,928 INFO Log4jExample [main] i is currently: 560
2022-07-06 21:08:19,928 INFO Log4jExample [main] i is currently: 570
2022-07-06 21:08:19,928 INFO Log4jExample [main] i is currently: 580
2022-07-06 21:08:19,929 INFO Log4jExample [main] i is currently: 590
2022-07-06 21:08:19,969 INFO Log4jExample [main] i is currently: 600
2022-07-06 21:08:19,969 INFO Log4jExample [main] i is currently: 610
2022-07-06 21:08:19,969 INFO Log4jExample [main] i is currently: 620
2022-07-06 21:08:19,969 INFO Log4jExample [main] i is currently: 630
2022-07-06 21:08:19,970 INFO Log4jExample [main] i is currently: 640
2022-07-06 21:08:19,970 INFO Log4jExample [main] i is currently: 650
2022-07-06 21:08:19,970 INFO Log4jExample [main] i is currently: 660
2022-07-06 21:08:19,970 INFO Log4jExample [main] i is currently: 670
2022-07-06 21:08:20,016 INFO Log4jExample [main] i is currently: 680
2022-07-06 21:08:20,017 INFO Log4jExample [main] i is currently: 690
2022-07-06 21:08:20,017 INFO Log4jExample [main] i is currently: 700
2022-07-06 21:08:20,017 INFO Log4jExample [main] i is currently: 710
2022-07-06 21:08:20,018 INFO Log4jExample [main] i is currently: 720
2022-07-06 21:08:20,018 INFO Log4jExample [main] i is currently: 730
2022-07-06 21:08:20,018 INFO Log4jExample [main] i is currently: 740
2022-07-06 21:08:20,018 INFO Log4jExample [main] i is currently: 750
2022-07-06 21:08:20,057 INFO Log4jExample [main] i is currently: 760
2022-07-06 21:08:20,057 INFO Log4jExample [main] i is currently: 770
2022-07-06 21:08:20,057 INFO Log4jExample [main] i is currently: 780
2022-07-06 21:08:20,057 INFO Log4jExample [main] i is currently: 790
2022-07-06 21:08:20,058 INFO Log4jExample [main] i is currently: 800
2022-07-06 21:08:20,058 INFO Log4jExample [main] i is currently: 810
2022-07-06 21:08:20,058 INFO Log4jExample [main] i is currently: 820
2022-07-06 21:08:20,059 INFO Log4jExample [main] i is currently: 830
2022-07-06 21:08:20,116 INFO Log4jExample [main] i is currently: 840
2022-07-06 21:08:20,116 INFO Log4jExample [main] i is currently: 850
2022-07-06 21:08:20,116 INFO Log4jExample [main] i is currently: 860
2022-07-06 21:08:20,117 INFO Log4jExample [main] i is currently: 870
2022-07-06 21:08:20,117 INFO Log4jExample [main] i is currently: 880
2022-07-06 21:08:20,117 INFO Log4jExample [main] i is currently: 890
2022-07-06 21:08:20,117 INFO Log4jExample [main] i is currently: 900
2022-07-06 21:08:20,117 INFO Log4jExample [main] i is currently: 910
2022-07-06 21:08:20,157 INFO Log4jExample [main] i is currently: 920
2022-07-06 21:08:20,158 INFO Log4jExample [main] i is currently: 930
2022-07-06 21:08:20,158 INFO Log4jExample [main] i is currently: 940
2022-07-06 21:08:20,158 INFO Log4jExample [main] i is currently: 950
2022-07-06 21:08:20,158 INFO Log4jExample [main] i is currently: 960
2022-07-06 21:08:20,158 INFO Log4jExample [main] i is currently: 970
2022-07-06 21:08:20,159 INFO Log4jExample [main] i is currently: 980
2022-07-06 21:08:20,159 INFO Log4jExample [main] i is currently: 990
2022-07-06 21:12:10,223 INFO Log4jExample [main] Log some information
2022-07-06 21:12:10,230 ERROR Log4jExample [main] error
2022-07-06 21:12:10,231 WARN Log4jExample [main] warning
2022-07-06 21:12:10,231 INFO Log4jExample [main] i is currently: 0
2022-07-06 21:12:10,231 INFO Log4jExample [main] i is currently: 10
2022-07-06 21:12:10,231 INFO Log4jExample [main] i is currently: 20
2022-07-06 21:12:10,231 INFO Log4jExample [main] i is currently: 30
2022-07-06 21:12:10,232 INFO Log4jExample [main] i is currently: 40
2022-07-06 21:12:10,232 INFO Log4jExample [main] i is currently: 50
2022-07-06 21:12:10,324 INFO Log4jExample [main] i is currently: 60
2022-07-06 21:12:10,325 INFO Log4jExample [main] i is currently: 70
2022-07-06 21:12:10,325 INFO Log4jExample [main] i is currently: 80
2022-07-06 21:12:10,325 INFO Log4jExample [main] i is currently: 90
2022-07-06 21:12:10,326 INFO Log4jExample [main] i is currently: 100
2022-07-06 21:12:10,326 INFO Log4jExample [main] i is currently: 110
2022-07-06 21:12:10,326 INFO Log4jExample [main] i is currently: 120
2022-07-06 21:12:10,326 INFO Log4jExample [main] i is currently: 130
2022-07-06 21:12:10,376 INFO Log4jExample [main] i is currently: 140
2022-07-06 21:12:10,377 INFO Log4jExample [main] i is currently: 150
2022-07-06 21:12:10,377 INFO Log4jExample [main] i is currently: 160
2022-07-06 21:12:10,377 INFO Log4jExample [main] i is currently: 170
2022-07-06 21:12:10,377 INFO Log4jExample [main] i is currently: 180
2022-07-06 21:12:10,378 INFO Log4jExample [main] i is currently: 190
2022-07-06 21:12:10,378 INFO Log4jExample [main] i is currently: 200
2022-07-06 21:12:10,378 INFO Log4jExample [main] i is currently: 210
2022-07-06 21:12:10,463 INFO Log4jExample [main] i is currently: 220
2022-07-06 21:12:10,463 INFO Log4jExample [main] i is currently: 230
2022-07-06 21:12:10,463 INFO Log4jExample [main] i is currently: 240
2022-07-06 21:12:10,464 INFO Log4jExample [main] i is currently: 250
2022-07-06 21:12:10,464 INFO Log4jExample [main] i is currently: 260
2022-07-06 21:12:10,464 INFO Log4jExample [main] i is currently: 270
2022-07-06 21:12:10,464 INFO Log4jExample [main] i is currently: 280
2022-07-06 21:12:10,464 INFO Log4jExample [main] i is currently: 290
2022-07-06 21:12:10,519 INFO Log4jExample [main] i is currently: 300
2022-07-06 21:12:10,519 INFO Log4jExample [main] i is currently: 310
2022-07-06 21:12:10,519 INFO Log4jExample [main] i is currently: 320
2022-07-06 21:12:10,519 INFO Log4jExample [main] i is currently: 330
2022-07-06 21:12:10,520 INFO Log4jExample [main] i is currently: 340
2022-07-06 21:12:10,520 INFO Log4jExample [main] i is currently: 350
2022-07-06 21:12:10,520 INFO Log4jExample [main] i is currently: 360
2022-07-06 21:12:10,520 INFO Log4jExample [main] i is currently: 370
2022-07-06 21:12:10,585 INFO Log4jExample [main] i is currently: 380
2022-07-06 21:12:10,585 INFO Log4jExample [main] i is currently: 390
2022-07-06 21:12:10,585 INFO Log4jExample [main] i is currently: 400
2022-07-06 21:12:10,586 INFO Log4jExample [main] i is currently: 410
2022-07-06 21:12:10,586 INFO Log4jExample [main] i is currently: 420
2022-07-06 21:12:10,586 INFO Log4jExample [main] i is currently: 430
2022-07-06 21:12:10,586 INFO Log4jExample [main] i is currently: 440
2022-07-06 21:12:10,587 INFO Log4jExample [main] i is currently: 450
2022-07-06 21:12:10,640 INFO Log4jExample [main] i is currently: 460
2022-07-06 21:12:10,641 INFO Log4jExample [main] i is currently: 470
2022-07-06 21:12:10,641 INFO Log4jExample [main] i is currently: 480
2022-07-06 21:12:10,641 INFO Log4jExample [main] i is currently: 490
2022-07-06 21:12:10,641 INFO Log4jExample [main] i is currently: 500
2022-07-06 21:12:10,642 INFO Log4jExample [main] i is currently: 510
2022-07-06 21:12:10,642 INFO Log4jExample [main] i is currently: 520
2022-07-06 21:12:10,642 INFO Log4jExample [main] i is currently: 530
2022-07-06 21:12:10,707 INFO Log4jExample [main] i is currently: 540
2022-07-06 21:12:10,707 WARN Log4jExample [main] Division by 0
2022-07-06 21:12:10,708 ERROR Log4jExample [main] java.lang.ArithmeticException: / by zero
2022-07-06 21:12:10,708 INFO Log4jExample [main] i is currently: 550
2022-07-06 21:12:10,708 INFO Log4jExample [main] i is currently: 560
2022-07-06 21:12:10,709 INFO Log4jExample [main] i is currently: 570
2022-07-06 21:12:10,709 INFO Log4jExample [main] i is currently: 580
2022-07-06 21:12:10,763 INFO Log4jExample [main] i is currently: 590
2022-07-06 21:12:10,763 INFO Log4jExample [main] i is currently: 600
2022-07-06 21:12:10,763 INFO Log4jExample [main] i is currently: 610
2022-07-06 21:12:10,763 INFO Log4jExample [main] i is currently: 620
2022-07-06 21:12:10,763 INFO Log4jExample [main] i is currently: 630
2022-07-06 21:12:10,764 INFO Log4jExample [main] i is currently: 640
2022-07-06 21:12:10,764 INFO Log4jExample [main] i is currently: 650
2022-07-06 21:12:10,764 INFO Log4jExample [main] i is currently: 660
2022-07-06 21:12:10,828 INFO Log4jExample [main] i is currently: 670
2022-07-06 21:12:10,829 INFO Log4jExample [main] i is currently: 680
2022-07-06 21:12:10,829 INFO Log4jExample [main] i is currently: 690
2022-07-06 21:12:10,829 INFO Log4jExample [main] i is currently: 700
2022-07-06 21:12:10,829 INFO Log4jExample [main] i is currently: 710
2022-07-06 21:12:10,829 INFO Log4jExample [main] i is currently: 720
2022-07-06 21:12:10,830 INFO Log4jExample [main] i is currently: 730
2022-07-06 21:12:10,830 INFO Log4jExample [main] i is currently: 740
2022-07-06 21:12:10,862 INFO Log4jExample [main] i is currently: 750
2022-07-06 21:12:10,862 INFO Log4jExample [main] i is currently: 760
2022-07-06 21:12:10,863 INFO Log4jExample [main] i is currently: 770
2022-07-06 21:12:10,863 INFO Log4jExample [main] i is currently: 780
2022-07-06 21:12:10,863 INFO Log4jExample [main] i is currently: 790
2022-07-06 21:12:10,863 INFO Log4jExample [main] i is currently: 800
2022-07-06 21:12:10,864 INFO Log4jExample [main] i is currently: 810
2022-07-06 21:12:10,864 INFO Log4jExample [main] i is currently: 820
2022-07-06 21:12:10,895 INFO Log4jExample [main] i is currently: 830
2022-07-06 21:12:10,895 INFO Log4jExample [main] i is currently: 840
2022-07-06 21:12:10,895 INFO Log4jExample [main] i is currently: 850
2022-07-06 21:12:10,896 INFO Log4jExample [main] i is currently: 860
2022-07-06 21:12:10,896 INFO Log4jExample [main] i is currently: 870
2022-07-06 21:12:10,896 INFO Log4jExample [main] i is currently: 880
2022-07-06 21:12:10,896 INFO Log4jExample [main] i is currently: 890
2022-07-06 21:12:10,896 INFO Log4jExample [main] i is currently: 900
2022-07-06 21:12:10,922 INFO Log4jExample [main] i is currently: 910
2022-07-06 21:12:10,922 INFO Log4jExample [main] i is currently: 920
2022-07-06 21:12:10,923 INFO Log4jExample [main] i is currently: 930
2022-07-06 21:12:10,923 INFO Log4jExample [main] i is currently: 940
2022-07-06 21:12:10,923 INFO Log4jExample [main] i is currently: 950
2022-07-06 21:12:10,923 INFO Log4jExample [main] i is currently: 960
2022-07-06 21:12:10,923 INFO Log4jExample [main] i is currently: 970
2022-07-06 21:12:10,923 INFO Log4jExample [main] i is currently: 980
2022-07-06 21:12:10,951 INFO Log4jExample [main] i is currently: 990
